=== PROMPT ===
# Task Execution Request

## Task: TASK-008 — Integration Test — SchedulerTrigger with EventBus

**Priority:** P1
**Estimate:** 1h
**Milestone:** Milestone 3: Testing

## Checklist (implement ALL items):

- [ ] Subscribe to `trigger.scheduler` on a real EventBus instance
- [ ] Start SchedulerTrigger with a 0.1s interval schedule
- [ ] Collect published events for ~0.5s, verify at least 2 events received
- [ ] Stop trigger, verify clean shutdown
- [ ] Use `anyio` for async tests

## Related Requirements:

See /private/tmp/maestro-ws/proctor-a/scheduler-trigger/spec/requirements.md

## Related Design:

See /private/tmp/maestro-ws/proctor-a/scheduler-trigger/spec/design.md

## Instructions:

1. Implement ALL checklist items for this task
2. Write unit tests for new code (coverage ≥80%)
3. Follow the design patterns from /private/tmp/maestro-ws/proctor-a/scheduler-trigger/spec/design.md
4. Use existing code style and conventions
5. Create/update files as needed

## Dependencies:

- To add a new dependency: `uv add <package>`
- To add a dev dependency: `uv add --dev <package>`
- NEVER edit pyproject.toml manually for dependencies
- After adding dependencies, they are available immediately

## Success Criteria:

- All checklist items implemented
- All tests pass (`uv run pytest`)
- No lint errors (`uv run ruff check .`)
- Code follows project conventions

## Output:

When complete, respond with:
- Summary of changes made
- Files created/modified
- Any issues or notes
- "TASK_COMPLETE" if successful, or "TASK_FAILED: <reason>" if not


Begin implementation:


=== OUTPUT ===
All 317 tests pass, no lint errors.

## Summary

**Files modified:** `tests/test_integration.py`

**Changes:** Added `TestSchedulerTriggerIntegration` class with two integration tests:

1. **`test_interval_publishes_events_on_eventbus`** — Subscribes to `trigger.scheduler` on a real EventBus, starts SchedulerTrigger with 0.1s interval, collects events for ~0.5s, verifies at least 2 events received with correct type/source/payload/id/timestamp.

2. **`test_clean_shutdown_no_events_after_stop`** — Starts trigger, collects some events, calls `stop()`, then verifies no new events arrive afterward and internal `_tasks` list is cleared.

Both tests use `anyio` (via `@pytest.mark.anyio`) and the asyncio-only fixture already in the file.

TASK_COMPLETE


=== STDERR ===


=== RETURN CODE: 0 ===
