=== PROMPT ===
# Task Execution Request

## Task: TASK-009 — Lint, Format, and Type Check

**Priority:** P1
**Estimate:** 
**Milestone:** Milestone 4: Quality

## Checklist (implement ALL items):

- [ ] Run `uv run ruff format .` and fix formatting
- [ ] Run `uv run ruff check .` and fix lint issues
- [ ] Run `pyrefly check` and fix type errors
- [ ] Verify all existing tests still pass with `uv run pytest`

## Related Requirements:

See /private/tmp/maestro-ws/proctor-a/scheduler-trigger/spec/requirements.md

## Related Design:

See /private/tmp/maestro-ws/proctor-a/scheduler-trigger/spec/design.md

## Instructions:

1. Implement ALL checklist items for this task
2. Write unit tests for new code (coverage ≥80%)
3. Follow the design patterns from /private/tmp/maestro-ws/proctor-a/scheduler-trigger/spec/design.md
4. Use existing code style and conventions
5. Create/update files as needed

## Dependencies:

- To add a new dependency: `uv add <package>`
- To add a dev dependency: `uv add --dev <package>`
- NEVER edit pyproject.toml manually for dependencies
- After adding dependencies, they are available immediately

## Success Criteria:

- All checklist items implemented
- All tests pass (`uv run pytest`)
- No lint errors (`uv run ruff check .`)
- Code follows project conventions

## Output:

When complete, respond with:
- Summary of changes made
- Files created/modified
- Any issues or notes
- "TASK_COMPLETE" if successful, or "TASK_FAILED: <reason>" if not


Begin implementation:


=== OUTPUT ===
All checks pass. Here's the summary:

## Summary

**Files modified:**
- `tests/test_core/test_config.py` — Changed `pytest.raises((yaml.YAMLError, Exception))` to `pytest.raises(yaml.YAMLError)` to fix both pyrefly overload error and ruff B017 (blind exception)
- `tests/test_core/test_state.py` — Added `AsyncGenerator` import and fixed return type annotation from `StateManager` to `AsyncGenerator[StateManager, None]` for the async generator fixture
- 1 file auto-reformatted by `ruff format`

**Results:**
- `ruff format` — All files formatted (1 file was reformatted)
- `ruff check` — All checks passed
- `pyrefly check` — 0 errors
- `pytest` — 317 passed, 12 skipped

TASK_COMPLETE


=== STDERR ===


=== RETURN CODE: 0 ===
